<?xml version="1.0" encoding="UTF-8"?>
<testsuite xmlns:xsi="http://www.w3.org/2001/XMLSchema-instance" xsi:noNamespaceSchemaLocation="https://maven.apache.org/surefire/maven-surefire-plugin/xsd/surefire-test-report.xsd" name="ru.practicum.diplom_3.ConstructorTest" time="53.146" tests="3" errors="0" skipped="0" failures="0">
  <properties>
[...]
</properties>
  <testcase name="navigateToBunsTab" classname="ru.practicum.diplom_3.ConstructorTest" time="5.329"/>
  <testcase name="navigateToSauceTab" classname="ru.practicum.diplom_3.ConstructorTest" time="1.097"/>
  <testcase name="navigateToIngredientsTab" classname="ru.practicum.diplom_3.ConstructorTest" time="1.553"/>
</testsuite>